enemy.obj : error LNK2019: unresolved external symbol "float __cdecl graphics::getDeltaTime(void)" (?getDeltaTime@graphics@@YAMXZ) referenced in function "public: virtual void __thiscall Enemy::update(void)" (?update@Enemy@@UAEXXZ)
player.obj : error LNK2001: unresolved external symbol "float __cdecl graphics::getDeltaTime(void)" (?getDeltaTime@graphics@@YAMXZ)
enemy.obj : error LNK2019: unresolved external symbol "void __cdecl graphics::drawRect(float,float,float,float,struct graphics::Brush const &)" (?drawRect@graphics@@YAXMMMMABUBrush@1@@Z) referenced in function "public: virtual void __thiscall Enemy::draw(void)" (?draw@Enemy@@UAEXXZ)
Game.obj : error LNK2001: unresolved external symbol "void __cdecl graphics::drawRect(float,float,float,float,struct graphics::Brush const &)" (?drawRect@graphics@@YAXMMMMABUBrush@1@@Z)
enemy.obj : error LNK2019: unresolved external symbol "void __cdecl graphics::resetPose(void)" (?resetPose@graphics@@YAXXZ) referenced in function "public: virtual void __thiscall Enemy::draw(void)" (?draw@Enemy@@UAEXXZ)
Game.obj : error LNK2001: unresolved external symbol "void __cdecl graphics::resetPose(void)" (?resetPose@graphics@@YAXXZ)
Game.obj : error LNK2019: unresolved external symbol "void __cdecl graphics::getMouseState(struct graphics::MouseState &)" (?getMouseState@graphics@@YAXAAUMouseState@1@@Z) referenced in function "private: void __thiscall Game::updateHelpScreen(void)" (?updateHelpScreen@Game@@AAEXXZ)
Game.obj : error LNK2019: unresolved external symbol "bool __cdecl graphics::getKeyState(enum graphics::scancode_t)" (?getKeyState@graphics@@YA_NW4scancode_t@1@@Z) referenced in function "private: void __thiscall Game::checkLaser(void)" (?checkLaser@Game@@AAEXXZ)
player.obj : error LNK2001: unresolved external symbol "bool __cdecl graphics::getKeyState(enum graphics::scancode_t)" (?getKeyState@graphics@@YA_NW4scancode_t@1@@Z)
Game.obj : error LNK2019: unresolved external symbol "float __cdecl graphics::getGlobalTime(void)" (?getGlobalTime@graphics@@YAMXZ) referenced in function "private: void __thiscall Game::drawp(void)" (?drawp@Game@@AAEXXZ)
Game.obj : error LNK2019: unresolved external symbol "void __cdecl graphics::drawDisk(float,float,float,struct graphics::Brush const &)" (?drawDisk@graphics@@YAXMMMABUBrush@1@@Z) referenced in function "private: void __thiscall Game::drawp(void)" (?drawp@Game@@AAEXXZ)
Game.obj : error LNK2019: unresolved external symbol "bool __cdecl graphics::setFont(class std::basic_string<char,struct std::char_traits<char>,class std::allocator<char> >)" (?setFont@graphics@@YA_NV?$basic_string@DU?$char_traits@D@std@@V?$allocator@D@2@@std@@@Z) referenced in function "public: void __thiscall Game::init(void)" (?init@Game@@QAEXXZ)
Game.obj : error LNK2019: unresolved external symbol "void __cdecl graphics::drawText(float,float,float,class std::basic_string<char,struct std::char_traits<char>,class std::allocator<char> > const &,struct graphics::Brush const &)" (?drawText@graphics@@YAXMMMABV?$basic_string@DU?$char_traits@D@std@@V?$allocator@D@2@@std@@ABUBrush@1@@Z) referenced in function "private: void __thiscall Game::drawHelpScreen(void)" (?drawHelpScreen@Game@@AAEXXZ)
Game.obj : error LNK2019: unresolved external symbol "void __cdecl graphics::setOrientation(float)" (?setOrientation@graphics@@YAXM@Z) referenced in function "private: void __thiscall Game::drawShopScreen(void)" (?drawShopScreen@Game@@AAEXXZ)
Game.obj : error LNK2019: unresolved external symbol "void __cdecl graphics::setScale(float,float)" (?setScale@graphics@@YAXMM@Z) referenced in function "private: void __thiscall Game::drawp(void)" (?drawp@Game@@AAEXXZ)
Game.obj : error LNK2019: unresolved external symbol "void __cdecl graphics::playSound(class std::basic_string<char,struct std::char_traits<char>,class std::allocator<char> >,float,bool)" (?playSound@graphics@@YAXV?$basic_string@DU?$char_traits@D@std@@V?$allocator@D@2@@std@@M_N@Z) referenced in function "private: int __thiscall Game::checkCollision(void)" (?checkCollision@Game@@AAEHXZ)
Game.obj : error LNK2019: unresolved external symbol "void __cdecl graphics::playMusic(class std::basic_string<char,struct std::char_traits<char>,class std::allocator<char> >,float,bool,int)" (?playMusic@graphics@@YAXV?$basic_string@DU?$char_traits@D@std@@V?$allocator@D@2@@std@@M_NH@Z) referenced in function "public: void __thiscall Game::init(void)" (?init@Game@@QAEXXZ)
Main.obj : error LNK2019: unresolved external symbol "void __cdecl graphics::createWindow(int,int,class std::basic_string<char,struct std::char_traits<char>,class std::allocator<char> >)" (?createWindow@graphics@@YAXHHV?$basic_string@DU?$char_traits@D@std@@V?$allocator@D@2@@std@@@Z) referenced in function _main
Main.obj : error LNK2019: unresolved external symbol "void __cdecl graphics::startMessageLoop(void)" (?startMessageLoop@graphics@@YAXXZ) referenced in function _main
Main.obj : error LNK2019: unresolved external symbol "void __cdecl graphics::setCanvasSize(float,float)" (?setCanvasSize@graphics@@YAXMM@Z) referenced in function _main
Main.obj : error LNK2019: unresolved external symbol "void __cdecl graphics::setCanvasScaleMode(enum graphics::scale_mode_t)" (?setCanvasScaleMode@graphics@@YAXW4scale_mode_t@1@@Z) referenced in function _main
Main.obj : error LNK2019: unresolved external symbol "void __cdecl graphics::setUserData(void const *)" (?setUserData@graphics@@YAXPBX@Z) referenced in function _main
Main.obj : error LNK2019: unresolved external symbol "void * __cdecl graphics::getUserData(void)" (?getUserData@graphics@@YAPAXXZ) referenced in function "void __cdecl draw(void)" (?draw@@YAXXZ)
Main.obj : error LNK2019: unresolved external symbol "void __cdecl graphics::setDrawFunction(class std::function<void __cdecl(void)>)" (?setDrawFunction@graphics@@YAXV?$function@$$A6AXXZ@std@@@Z) referenced in function _main
Main.obj : error LNK2019: unresolved external symbol "void __cdecl graphics::setUpdateFunction(class std::function<void __cdecl(float)>)" (?setUpdateFunction@graphics@@YAXV?$function@$$A6AXM@Z@std@@@Z) referenced in function _main
C:\Users\Μαρίνα Σαμ\Desktop\SpaceInvanders\SpaceInvanders\Debug\SpaceInvanders.exe : fatal error LNK1120: 21 unresolved externals
